IP Generator (Version 2022.1 build 99559)
Check out license ...
Start generating at 2023-04-14 22:07
Instance: DCACHE_SRAM0 (C:\Users\86152\Desktop\rtl_design\pnr\ipcore\DCACHE_SRAM0\DCACHE_SRAM0.idf)
IP: DRM Based Simple Dual Port RAM (1.6)
Part: Logos-PGL50H-FBG484--6
Create directory 'rtl' ...
Copy 'rtl\ipml_sdpram_v1_6.v.xml' to 'rtl' ...
Compile file 'rtl\ipml_sdpram_v1_6.v.xml' to 'rtl\ipml_sdpram_v1_6_DCACHE_SRAM0.v' ...
Copy 'ipml_sdpram_wrapper_v1_6.v.xml' ...
Compile file 'ipml_sdpram_wrapper_v1_6.v.xml' to 'DCACHE_SRAM0.v' ...
Found top module 'DCACHE_SRAM0' in file 'DCACHE_SRAM0.v'.
Copy 'ipml_sdpram_wrapper_v1_3_tb.v.xml' ...
Compile file 'ipml_sdpram_wrapper_v1_3_tb.v.xml' to 'DCACHE_SRAM0_tb.v' ...
Copy 'init_param_bin_exmp.dat' ...
Copy 'init_param_hex_exmp.dat' ...
Run file 'createParam.tcl' ...
Create template file 'DCACHE_SRAM0_tmpl.v' ...
Create template file 'DCACHE_SRAM0_tmpl.vhdl' ...
There are 2 source files to synthesize.
Synthesis is disabled.
Done: 0 error(s), 0 warning(s)
