IP Generator (Version 2022.1 build 99559)
Check out license ...
Start generating at 2023-04-14 22:09
Instance: PGL_SDPRAM_11 (C:\Users\86152\Desktop\rtl_design\pnr\ipcore\PGL_SDPRAM_11\PGL_SDPRAM_11.idf)
IP: DRM Based Simple Dual Port RAM (1.6)
Part: Logos-PGL50H-FBG484--6
Create directory 'rtl' ...
Copy 'rtl\ipml_sdpram_v1_6.v.xml' to 'rtl' ...
Compile file 'rtl\ipml_sdpram_v1_6.v.xml' to 'rtl\ipml_sdpram_v1_6_PGL_SDPRAM_11.v' ...
Copy 'ipml_sdpram_wrapper_v1_6.v.xml' ...
Compile file 'ipml_sdpram_wrapper_v1_6.v.xml' to 'PGL_SDPRAM_11.v' ...
Found top module 'PGL_SDPRAM_11' in file 'PGL_SDPRAM_11.v'.
Copy 'ipml_sdpram_wrapper_v1_3_tb.v.xml' ...
Compile file 'ipml_sdpram_wrapper_v1_3_tb.v.xml' to 'PGL_SDPRAM_11_tb.v' ...
Copy 'init_param_bin_exmp.dat' ...
Copy 'init_param_hex_exmp.dat' ...
Run file 'createParam.tcl' ...
Create template file 'PGL_SDPRAM_11_tmpl.v' ...
Create template file 'PGL_SDPRAM_11_tmpl.vhdl' ...
There are 2 source files to synthesize.
Synthesis is disabled.
Done: 0 error(s), 0 warning(s)
