#Build: Fabric Compiler 2022.1, Build 99559, Jul 12 00:20 2022
#Install: C:\pango\PDS_2022.1\bin
#Application name: pds_shell.exe
#OS: Windows 10 10.0.22621
#Hostname: VictusXYH
Generated by Fabric Compiler (version 2022.1 build 99559) at Mon Aug 14 17:04:19 2023
Compiling verification operator library.
Compiling common defs.
Compiling prim grid devices.
Compiling gate devices.
Compiling gate operators.
Building architecture model.
Loading device packaging model.
Reading design from DB.
Start Generating Programming File...
Reading design from DB takes 0.703125 sec.
Generating architecture configuration.
The bitstream file is "C:/Users/YHX/Desktop/test_board/rtl_design_v1.0/pnr/generate_bitstream/m1_soc_top.sbit"
Generate programming file takes 5.546875 sec.
Generating Programming File done.
Action gen_bit_stream: Real time elapsed is 0h:0m:14s
Action gen_bit_stream: CPU time elapsed is 0h:0m:7s
Action gen_bit_stream: Process CPU time elapsed is 0h:0m:7s
Current time: Mon Aug 14 17:04:32 2023
Action gen_bit_stream: Peak memory pool usage is 717 MB
