#Build: Fabric Compiler 2022.1, Build 99559, Jul 12 00:20 2022
#Install: C:\pango\PDS_2022.1\bin
#Application name: pds_shell.exe
#OS: Windows 10 10.0.22621
#Hostname: VictusXYH
Generated by Fabric Compiler (version 2022.1 build 99559) at Fri May 12 16:04:55 2023
Compiling verification operator library.
Compiling common defs.
Loading technology operator library.
Compiling technology operator library.
Compiling technology operator (valence) library.
Compiling operator packing rules.
Compiling prim grid devices.
Compiling gate devices.
Compiling gate operators.
Compiling tech operator impls.
Building architecture model.
Loading device packaging model.
parameter : dp_step_length is used. Value : 4; Default : 1
I: dp_step_length: 4 != def: 1
Reading design from translate DB.
C: SDC-2025: Clock source 'n:ov5640_ddr/coms1_reg_config/clock_20k' need a clock constraint, please use 'create_clock' or 'create_generate_clock' to generate.
Flattening design 'm1_soc_top'
Device mapping started.
Optimizing circuit logic.
I: Const net (pin CEX of inst u_integration_kit_dbg/gen_CortexM1Integration.u_cm1_integration/u_cortexm1/u_core/u_dp/u_mul_shft/u_mul/N7_m1) has been disconnected.
I: Const net (pin CEY of inst u_integration_kit_dbg/gen_CortexM1Integration.u_cm1_integration/u_cortexm1/u_core/u_dp/u_mul_shft/u_mul/N7_m1) has been disconnected.
I: Const net (pin CEX of inst u_integration_kit_dbg/gen_CortexM1Integration.u_cm1_integration/u_cortexm1/u_core/u_dp/u_mul_shft/u_mul/N7_m2) has been disconnected.
I: Const net (pin CEY of inst u_integration_kit_dbg/gen_CortexM1Integration.u_cm1_integration/u_cortexm1/u_core/u_dp/u_mul_shft/u_mul/N7_m2) has been disconnected.
I: Const net (pin CEX of inst u_integration_kit_dbg/gen_CortexM1Integration.u_cm1_integration/u_cortexm1/u_core/u_dp/u_mul_shft/u_mul/N7_m3) has been disconnected.
I: Const net (pin CEY of inst u_integration_kit_dbg/gen_CortexM1Integration.u_cm1_integration/u_cortexm1/u_core/u_dp/u_mul_shft/u_mul/N7_m3) has been disconnected.
I: Const net (pin CEP of inst u_integration_kit_dbg/gen_CortexM1Integration.u_cm1_integration/u_cortexm1/u_core/u_dp/u_mul_shft/u_mul/N7_m3) has been disconnected.
W: Public-4008: Instance 'hdmi_ddr/ms72xx_ctl/ms7200_ctl/freq_rec[0]' of 'GTP_DFF_RE' unit is dangling and will be cleaned.
W: Public-4008: Instance 'hdmi_ddr/ms72xx_ctl/ms7200_ctl/freq_rec[1]' of 'GTP_DFF_RE' unit is dangling and will be cleaned.
W: Public-4008: Instance 'hdmi_ddr/ms72xx_ctl/ms7200_ctl/freq_rec_1d[0]' of 'GTP_DFF' unit is dangling and will be cleaned.
W: Public-4008: Instance 'hdmi_ddr/ms72xx_ctl/ms7200_ctl/freq_rec_1d[1]' of 'GTP_DFF' unit is dangling and will be cleaned.
W: Public-4008: Instance 'hdmi_ddr/ms72xx_ctl/ms7200_ctl/freq_rec_1d[2]' of 'GTP_DFF' unit is dangling and will be cleaned.
W: Public-4008: Instance 'hdmi_ddr/ms72xx_ctl/ms7200_ctl/freq_rec_1d[3]' of 'GTP_DFF' unit is dangling and will be cleaned.
W: Public-4008: Instance 'hdmi_ddr/ms72xx_ctl/ms7200_ctl/freq_rec_1d[4]' of 'GTP_DFF' unit is dangling and will be cleaned.
W: Public-4008: Instance 'hdmi_ddr/ms72xx_ctl/ms7200_ctl/freq_rec_1d[5]' of 'GTP_DFF' unit is dangling and will be cleaned.
W: Public-4008: Instance 'hdmi_ddr/ms72xx_ctl/ms7200_ctl/freq_rec_1d[6]' of 'GTP_DFF' unit is dangling and will be cleaned.
W: Public-4008: Instance 'hdmi_ddr/ms72xx_ctl/ms7200_ctl/freq_rec_1d[7]' of 'GTP_DFF' unit is dangling and will be cleaned.
W: Public-4008: Instance 'hdmi_ddr/ms72xx_ctl/ms7200_ctl/freq_rec_1d[8]' of 'GTP_DFF' unit is dangling and will be cleaned.
W: Public-4008: Instance 'hdmi_ddr/ms72xx_ctl/ms7200_ctl/freq_rec_1d[9]' of 'GTP_DFF' unit is dangling and will be cleaned.
W: Public-4008: Instance 'hdmi_ddr/ms72xx_ctl/ms7200_ctl/freq_rec_1d[10]' of 'GTP_DFF' unit is dangling and will be cleaned.
W: Public-4008: Instance 'hdmi_ddr/ms72xx_ctl/ms7200_ctl/freq_rec_1d[11]' of 'GTP_DFF' unit is dangling and will be cleaned.
W: Public-4008: Instance 'hdmi_ddr/ms72xx_ctl/ms7200_ctl/freq_rec_1d[12]' of 'GTP_DFF' unit is dangling and will be cleaned.
W: Public-4008: Instance 'hdmi_ddr/ms72xx_ctl/ms7200_ctl/freq_rec_1d[13]' of 'GTP_DFF' unit is dangling and will be cleaned.
W: Public-4008: Instance 'hdmi_ddr/ms72xx_ctl/ms7200_ctl/freq_rec_1d[14]' of 'GTP_DFF' unit is dangling and will be cleaned.
W: Public-4008: Instance 'hdmi_ddr/ms72xx_ctl/ms7200_ctl/freq_rec_1d[15]' of 'GTP_DFF' unit is dangling and will be cleaned.
W: Public-4008: Instance 'hdmi_ddr/ms72xx_ctl/ms7200_ctl/freq_rec_1d[18]' of 'GTP_DFF' unit is dangling and will be cleaned.
W: Public-4008: Instance 'hdmi_ddr/ms72xx_ctl/ms7200_ctl/freq_rec_1d[19]' of 'GTP_DFF' unit is dangling and will be cleaned.
W: Public-4008: Instance 'hdmi_ddr/ms72xx_ctl/ms7200_ctl/freq_rec_1d[20]' of 'GTP_DFF' unit is dangling and will be cleaned.
W: Public-4008: Instance 'hdmi_ddr/ms72xx_ctl/ms7200_ctl/freq_rec_1d[21]' of 'GTP_DFF' unit is dangling and will be cleaned.
W: Public-4008: Instance 'hdmi_ddr/ms72xx_ctl/ms7200_ctl/freq_rec_1d[22]' of 'GTP_DFF' unit is dangling and will be cleaned.
W: Public-4008: Instance 'hdmi_ddr/ms72xx_ctl/ms7200_ctl/freq_rec_1d[23]' of 'GTP_DFF' unit is dangling and will be cleaned.
W: Public-4008: Instance 'hdmi_ddr/ms72xx_ctl/ms7200_ctl/freq_rec_1d[24]' of 'GTP_DFF' unit is dangling and will be cleaned.
W: Public-4008: Instance 'hdmi_ddr/ms72xx_ctl/ms7200_ctl/freq_rec_1d[25]' of 'GTP_DFF' unit is dangling and will be cleaned.
W: Public-4008: Instance 'hdmi_ddr/ms72xx_ctl/ms7200_ctl/freq_rec_1d[26]' of 'GTP_DFF' unit is dangling and will be cleaned.
W: Public-4008: Instance 'hdmi_ddr/ms72xx_ctl/ms7200_ctl/freq_rec_1d[27]' of 'GTP_DFF' unit is dangling and will be cleaned.
W: Public-4008: Instance 'hdmi_ddr/ms72xx_ctl/ms7200_ctl/freq_rec_1d[28]' of 'GTP_DFF' unit is dangling and will be cleaned.
W: Public-4008: Instance 'hdmi_ddr/ms72xx_ctl/ms7200_ctl/freq_rec_1d[29]' of 'GTP_DFF' unit is dangling and will be cleaned.
W: Public-4008: Instance 'hdmi_ddr/ms72xx_ctl/ms7200_ctl/freq_rec_1d[30]' of 'GTP_DFF' unit is dangling and will be cleaned.
W: Public-4008: Instance 'hdmi_ddr/ms72xx_ctl/ms7200_ctl/freq_rec_1d[31]' of 'GTP_DFF' unit is dangling and will be cleaned.
W: Public-4008: Instance 'hdmi_ddr/ms72xx_ctl/ms7200_ctl/freq_rec[2]' of 'GTP_DFF_RE' unit is dangling and will be cleaned.
W: Public-4008: Instance 'hdmi_ddr/ms72xx_ctl/ms7200_ctl/freq_rec_2d[0]' of 'GTP_DFF_E' unit is dangling and will be cleaned.
W: Public-4008: Instance 'hdmi_ddr/ms72xx_ctl/ms7200_ctl/freq_rec_2d[1]' of 'GTP_DFF_E' unit is dangling and will be cleaned.
W: Public-4008: Instance 'hdmi_ddr/ms72xx_ctl/ms7200_ctl/freq_rec_2d[2]' of 'GTP_DFF_E' unit is dangling and will be cleaned.
W: Public-4008: Instance 'hdmi_ddr/ms72xx_ctl/ms7200_ctl/freq_rec_2d[3]' of 'GTP_DFF_E' unit is dangling and will be cleaned.
W: Public-4008: Instance 'hdmi_ddr/ms72xx_ctl/ms7200_ctl/freq_rec_2d[4]' of 'GTP_DFF_E' unit is dangling and will be cleaned.
W: Public-4008: Instance 'hdmi_ddr/ms72xx_ctl/ms7200_ctl/freq_rec_2d[5]' of 'GTP_DFF_E' unit is dangling and will be cleaned.
W: Public-4008: Instance 'hdmi_ddr/ms72xx_ctl/ms7200_ctl/freq_rec_2d[6]' of 'GTP_DFF_E' unit is dangling and will be cleaned.
W: Public-4008: Instance 'hdmi_ddr/ms72xx_ctl/ms7200_ctl/freq_rec_2d[7]' of 'GTP_DFF_E' unit is dangling and will be cleaned.
W: Public-4008: Instance 'hdmi_ddr/ms72xx_ctl/ms7200_ctl/freq_rec_2d[8]' of 'GTP_DFF_E' unit is dangling and will be cleaned.
W: Public-4008: Instance 'hdmi_ddr/ms72xx_ctl/ms7200_ctl/freq_rec_2d[9]' of 'GTP_DFF_E' unit is dangling and will be cleaned.
W: Public-4008: Instance 'hdmi_ddr/ms72xx_ctl/ms7200_ctl/freq_rec_2d[10]' of 'GTP_DFF_E' unit is dangling and will be cleaned.
W: Public-4008: Instance 'hdmi_ddr/ms72xx_ctl/ms7200_ctl/freq_rec_2d[11]' of 'GTP_DFF_E' unit is dangling and will be cleaned.
W: Public-4008: Instance 'hdmi_ddr/ms72xx_ctl/ms7200_ctl/freq_rec_2d[12]' of 'GTP_DFF_E' unit is dangling and will be cleaned.
W: Public-4008: Instance 'hdmi_ddr/ms72xx_ctl/ms7200_ctl/freq_rec_2d[13]' of 'GTP_DFF_E' unit is dangling and will be cleaned.
W: Public-4008: Instance 'hdmi_ddr/ms72xx_ctl/ms7200_ctl/freq_rec_2d[14]' of 'GTP_DFF_E' unit is dangling and will be cleaned.
W: Public-4008: Instance 'hdmi_ddr/ms72xx_ctl/ms7200_ctl/freq_rec_2d[15]' of 'GTP_DFF_E' unit is dangling and will be cleaned.
W: Public-4008: Instance 'hdmi_ddr/ms72xx_ctl/ms7200_ctl/freq_rec_2d[18]' of 'GTP_DFF_E' unit is dangling and will be cleaned.
W: Public-4008: Instance 'hdmi_ddr/ms72xx_ctl/ms7200_ctl/freq_rec_2d[19]' of 'GTP_DFF_E' unit is dangling and will be cleaned.
W: Public-4008: Instance 'hdmi_ddr/ms72xx_ctl/ms7200_ctl/freq_rec_2d[20]' of 'GTP_DFF_E' unit is dangling and will be cleaned.
W: Public-4008: Instance 'hdmi_ddr/ms72xx_ctl/ms7200_ctl/freq_rec_2d[21]' of 'GTP_DFF_E' unit is dangling and will be cleaned.
W: Public-4008: Instance 'hdmi_ddr/ms72xx_ctl/ms7200_ctl/freq_rec_2d[22]' of 'GTP_DFF_E' unit is dangling and will be cleaned.
W: Public-4008: Instance 'hdmi_ddr/ms72xx_ctl/ms7200_ctl/freq_rec_2d[23]' of 'GTP_DFF_E' unit is dangling and will be cleaned.
W: Public-4008: Instance 'hdmi_ddr/ms72xx_ctl/ms7200_ctl/freq_rec_2d[24]' of 'GTP_DFF_E' unit is dangling and will be cleaned.
W: Public-4008: Instance 'hdmi_ddr/ms72xx_ctl/ms7200_ctl/freq_rec_2d[25]' of 'GTP_DFF_E' unit is dangling and will be cleaned.
W: Public-4008: Instance 'hdmi_ddr/ms72xx_ctl/ms7200_ctl/freq_rec_2d[26]' of 'GTP_DFF_E' unit is dangling and will be cleaned.
W: Public-4008: Instance 'hdmi_ddr/ms72xx_ctl/ms7200_ctl/freq_rec_2d[27]' of 'GTP_DFF_E' unit is dangling and will be cleaned.
W: Public-4008: Instance 'hdmi_ddr/ms72xx_ctl/ms7200_ctl/freq_rec_2d[28]' of 'GTP_DFF_E' unit is dangling and will be cleaned.
W: Public-4008: Instance 'hdmi_ddr/ms72xx_ctl/ms7200_ctl/freq_rec_2d[29]' of 'GTP_DFF_E' unit is dangling and will be cleaned.
W: Public-4008: Instance 'hdmi_ddr/ms72xx_ctl/ms7200_ctl/freq_rec_2d[30]' of 'GTP_DFF_E' unit is dangling and will be cleaned.
W: Public-4008: Instance 'hdmi_ddr/ms72xx_ctl/ms7200_ctl/freq_rec_2d[31]' of 'GTP_DFF_E' unit is dangling and will be cleaned.
W: Public-4008: Instance 'hdmi_ddr/ms72xx_ctl/ms7200_ctl/freq_rec[3]' of 'GTP_DFF_RE' unit is dangling and will be cleaned.
W: Public-4008: Instance 'hdmi_ddr/ms72xx_ctl/ms7200_ctl/freq_rec[4]' of 'GTP_DFF_RE' unit is dangling and will be cleaned.
W: Public-4008: Instance 'hdmi_ddr/ms72xx_ctl/ms7200_ctl/freq_rec[5]' of 'GTP_DFF_RE' unit is dangling and will be cleaned.
W: Public-4008: Instance 'hdmi_ddr/ms72xx_ctl/ms7200_ctl/freq_rec[6]' of 'GTP_DFF_RE' unit is dangling and will be cleaned.
W: Public-4008: Instance 'hdmi_ddr/ms72xx_ctl/ms7200_ctl/freq_rec[7]' of 'GTP_DFF_RE' unit is dangling and will be cleaned.
W: Public-4008: Instance 'hdmi_ddr/ms72xx_ctl/ms7200_ctl/freq_rec[8]' of 'GTP_DFF_RE' unit is dangling and will be cleaned.
W: Public-4008: Instance 'hdmi_ddr/ms72xx_ctl/ms7200_ctl/freq_rec[9]' of 'GTP_DFF_RE' unit is dangling and will be cleaned.
W: Public-4008: Instance 'hdmi_ddr/ms72xx_ctl/ms7200_ctl/freq_rec[10]' of 'GTP_DFF_RE' unit is dangling and will be cleaned.
W: Public-4008: Instance 'hdmi_ddr/ms72xx_ctl/ms7200_ctl/freq_rec[11]' of 'GTP_DFF_RE' unit is dangling and will be cleaned.
W: Public-4008: Instance 'hdmi_ddr/ms72xx_ctl/ms7200_ctl/freq_rec[12]' of 'GTP_DFF_RE' unit is dangling and will be cleaned.
W: Public-4008: Instance 'hdmi_ddr/ms72xx_ctl/ms7200_ctl/freq_rec[13]' of 'GTP_DFF_RE' unit is dangling and will be cleaned.
W: Public-4008: Instance 'hdmi_ddr/ms72xx_ctl/ms7200_ctl/freq_rec[14]' of 'GTP_DFF_RE' unit is dangling and will be cleaned.
W: Public-4008: Instance 'hdmi_ddr/ms72xx_ctl/ms7200_ctl/freq_rec[15]' of 'GTP_DFF_RE' unit is dangling and will be cleaned.
W: Public-4008: Instance 'hdmi_ddr/ms72xx_ctl/ms7200_ctl/freq_rec[18]' of 'GTP_DFF_RE' unit is dangling and will be cleaned.
W: Public-4008: Instance 'hdmi_ddr/ms72xx_ctl/ms7200_ctl/freq_rec[19]' of 'GTP_DFF_RE' unit is dangling and will be cleaned.
W: Public-4008: Instance 'hdmi_ddr/ms72xx_ctl/ms7200_ctl/freq_rec[20]' of 'GTP_DFF_RE' unit is dangling and will be cleaned.
W: Public-4008: Instance 'hdmi_ddr/ms72xx_ctl/ms7200_ctl/freq_rec[21]' of 'GTP_DFF_RE' unit is dangling and will be cleaned.
W: Public-4008: Instance 'hdmi_ddr/ms72xx_ctl/ms7200_ctl/freq_rec[22]' of 'GTP_DFF_RE' unit is dangling and will be cleaned.
W: Public-4008: Instance 'hdmi_ddr/ms72xx_ctl/ms7200_ctl/freq_rec[23]' of 'GTP_DFF_RE' unit is dangling and will be cleaned.
W: Public-4008: Instance 'hdmi_ddr/ms72xx_ctl/ms7200_ctl/freq_rec[24]' of 'GTP_DFF_RE' unit is dangling and will be cleaned.
W: Public-4008: Instance 'hdmi_ddr/ms72xx_ctl/ms7200_ctl/freq_rec[25]' of 'GTP_DFF_RE' unit is dangling and will be cleaned.
W: Public-4008: Instance 'hdmi_ddr/ms72xx_ctl/ms7200_ctl/freq_rec[26]' of 'GTP_DFF_RE' unit is dangling and will be cleaned.
W: Public-4008: Instance 'hdmi_ddr/ms72xx_ctl/ms7200_ctl/freq_rec[27]' of 'GTP_DFF_RE' unit is dangling and will be cleaned.
W: Public-4008: Instance 'hdmi_ddr/ms72xx_ctl/ms7200_ctl/freq_rec[28]' of 'GTP_DFF_RE' unit is dangling and will be cleaned.
W: Public-4008: Instance 'hdmi_ddr/ms72xx_ctl/ms7200_ctl/freq_rec[29]' of 'GTP_DFF_RE' unit is dangling and will be cleaned.
W: Public-4008: Instance 'hdmi_ddr/ms72xx_ctl/ms7200_ctl/freq_rec[30]' of 'GTP_DFF_RE' unit is dangling and will be cleaned.
W: Public-4008: Instance 'hdmi_ddr/ms72xx_ctl/ms7200_ctl/freq_rec[31]' of 'GTP_DFF_RE' unit is dangling and will be cleaned.
W: Public-4008: Instance 'ddr_hdmi/fram_buf_hdmi/wr_rd_ctrl_top/wr_cmd_trans/wr_data_en' of 'GTP_DFF' unit is dangling and will be cleaned.
Checking design netlist.
Processing tech operator.
I: The instance clkbufg_0(GTP_CLKBUFG) has been inserted on the net core_clk in design, driver pin CLKDIVOUT(instance u_DDR3_50H/I_GTP_CLKDIV) -> load pin CLK(instance cnt[0]).
I: The instance clkbufg_1(GTP_CLKBUFG) has been inserted on the net HCLK in design, driver pin CLKOUT0(instance u_pll/u_pll_e3) -> load pin RCLK(instance u_GTP_OGDDR).
I: The instance clkbufg_2(GTP_CLKBUFG) has been inserted on the net cfg_clk in design, driver pin CLKOUT1(instance u_pll/u_pll_e3) -> load pin CLK(instance hdmi_ddr/ms72xx_ctl/iic_dri_rx/busy).
I: The instance clkbufg_3(GTP_CLKBUFG) has been inserted on the net nt_pixclk_out in design, driver pin CLKDIVOUT(instance ov5640_ddr/cmos1_8_16bit/u_GTP_IOCLKDIV) -> load pin CLK(instance ddr_hdmi/b_out[3]).
I: The instance clkbufg_4(GTP_CLKBUFG) has been inserted on the net nt_cmos1_pclk in design, driver pin O(instance cmos1_pclk_ibuf) -> load pin CLK(instance ov5640_ddr/cmos1_8_16bit/cnt[0]).
C: DeviceMap-2011: The net nt_sys_clk has both clock instance u_DDR3_50H/u_clkbufg(GTP_CLKBUFG) loader and other clock pin loader.
I: The instance clkbufg_5(GTP_CLKBUFG) has been inserted on the net clk_25M in design, driver pin CLKOUT2(instance u_pll/u_pll_e3) -> load pin CLK(instance ov5640_ddr/coms1_reg_config/clock_20k).
W: DeviceMap-4006: Insert a inst clkgate_6(GTP_IOCLKBUF) before u_DDR3_50H/I_GTP_CLKDIV(GTP_IOCLKDIV).
Converting tech operator to gate operator.
Processing gate operator.
I: Infer CARRY group, base inst: N13_0_1/gateop, insts:13.
I: Infer CARRY group, base inst: N30_0_1/gateop, insts:24.
I: Infer CARRY group, base inst: u_rst_gen/N9_1_1/gateop, insts:5.
I: Infer CARRY group, base inst: ddr_hdmi/sync_vg/N24_1_1/gateop, insts:9.
I: Infer CARRY group, base inst: ddr_hdmi/sync_vg/N151_1_1/gateop, insts:11.
I: Infer CARRY group, base inst: ov5640_ddr/coms1_reg_config/N11_2_1/gateop, insts:10.
I: Infer CARRY group, base inst: ov5640_ddr/coms1_reg_config/N36_1_1/gateop, insts:8.
I: Infer CARRY group, base inst: ov5640_ddr/power_on_delay_inst/N5_1_1/gateop, insts:18.
I: Infer CARRY group, base inst: ov5640_ddr/power_on_delay_inst/N17_1_1/gateop, insts:15.
I: Infer CARRY group, base inst: u_udp_hw_speedup/u_tx_speedup/N5_1_1/gateop, insts:15.
I: Infer CARRY group, base inst: u_udp_hw_speedup/u_tx_speedup/N19_1/gateop, insts:16.
I: Infer CARRY group, base inst: u_udp_hw_speedup/u_tx_speedup/N161_1_1/gateop, insts:10.
I: Infer CARRY group, base inst: u_udp_hw_speedup/u_tx_speedup/N185_1_1/gateop, insts:5.
I: Infer CARRY group, base inst: u_udp_hw_speedup/u_tx_speedup/N414_1/gateop, insts:17.
I: Infer CARRY group, base inst: u_udp_hw_speedup/u_tx_speedup/N417_1/gateop, insts:17.
I: Infer CARRY group, base inst: u_udp_hw_speedup/u_tx_speedup/N420_1_1/gateop, insts:16.
I: Infer CARRY group, base inst: u_udp_hw_speedup/u_tx_speedup/N423_1/gateop, insts:18.
I: Infer CARRY group, base inst: u_udp_hw_speedup/u_tx_speedup/ip_header_sum0_1/gateop, insts:19.
I: Infer CARRY group, base inst: ddr_hdmi/fram_buf_hdmi/rd_buf/N13_1_1/gateop, insts:11.
I: Infer CARRY group, base inst: ddr_hdmi/fram_buf_hdmi/rd_buf/N24_1_1/gateop, insts:14.
I: Infer CARRY group, base inst: ddr_hdmi/fram_buf_hdmi/rd_buf/N34_1_1/gateop, insts:8.
I: Infer CARRY group, base inst: ddr_hdmi/fram_buf_hdmi/rd_buf/N45_1_1/gateop, insts:11.
I: Infer CARRY group, base inst: ddr_hdmi/fram_buf_hdmi/wr_buf/N16_1_1/gateop, insts:11.
I: Infer CARRY group, base inst: ddr_hdmi/fram_buf_hdmi/wr_buf/N22_1_1/gateop, insts:11.
I: Infer CARRY group, base inst: ddr_hdmi/fram_buf_hdmi/wr_buf/N71_1_1/gateop, insts:14.
I: Infer CARRY group, base inst: ddr_hdmi/fram_buf_hdmi/wr_buf/N102_4_1/gateop, insts:8.
I: Infer CARRY group, base inst: hdmi_ddr/ms72xx_ctl/iic_dri_rx/N136.lt_0/gateop, insts:2.
I: Infer CARRY group, base inst: hdmi_ddr/ms72xx_ctl/iic_dri_tx/N136.lt_0/gateop, insts:2.
I: Infer CARRY group, base inst: hdmi_ddr/ms72xx_ctl/ms7200_ctl/N101_1_1/gateop, insts:8.
I: Infer CARRY group, base inst: hdmi_ddr/ms72xx_ctl/ms7200_ctl/N224_1_0/gateop, insts:9.
I: Infer CARRY group, base inst: hdmi_ddr/ms72xx_ctl/ms7210_ctl/N98_1_1/gateop, insts:21.
I: Infer CARRY group, base inst: hdmi_ddr/ms72xx_ctl/ms7210_ctl/N156_1_0/gateop, insts:6.
I: Infer CARRY group, base inst: ov5640_ddr/coms1_reg_config/u1/N37_1_1/gateop, insts:5.
I: Infer CARRY group, base inst: u_DDR3_50H/u_ddrphy_top/ddrphy_info/mc_al_6.fsub_1/gateop, insts:4.
I: Infer CARRY group, base inst: u_DDR3_50H/u_ddrphy_top/ddrphy_info/mc_rl_1/gateop, insts:5.
I: Infer CARRY group, base inst: u_DDR3_50H/u_ddrphy_top/ddrphy_info/mc_wl_0/gateop, insts:6.
I: Infer CARRY group, base inst: u_DDR3_50H/u_ddrphy_top/ddrphy_reset_ctrl/N29_1_1/gateop, insts:7.
I: Infer CARRY group, base inst: u_DDR3_50H/u_ddrphy_top/ddrphy_slice_top/N48_1_0/gateop, insts:8.
I: Infer CARRY group, base inst: u_DDR3_50H/u_ipsxb_ddrc_top/mcdq_ui_axi/N59_1_1/gateop, insts:4.
I: Infer CARRY group, base inst: u_DDR3_50H/u_ipsxb_ddrc_top/mcdq_ui_axi/N69_2_1/gateop, insts:25.
I: Infer CARRY group, base inst: u_DDR3_50H/u_ipsxb_ddrc_top/mcdq_ui_axi/N185.eq_0/gateop, insts:8.
I: Infer CARRY group, base inst: u_DDR3_50H/u_ipsxb_ddrc_top/mcdq_ui_axi/column_addr_end_1_2/gateop, insts:6.
I: Infer CARRY group, base inst: u_TSMAC_FIFO_RXCKLI/U_ipml_fifo_TSMAC_FIFO_RXCKLI/U_ipml_fifo_ctrl/N2_1_1/gateop, insts:5.
I: Infer CARRY group, base inst: u_TSMAC_FIFO_RXCKLI/U_ipml_fifo_TSMAC_FIFO_RXCKLI/U_ipml_fifo_ctrl/N54_1_1/gateop, insts:5.
I: Infer CARRY group, base inst: u_TSMAC_FIFO_RXCKLI/U_ipml_fifo_TSMAC_FIFO_RXCKLI/U_ipml_fifo_ctrl/N107.eq_0/gateop, insts:3.
I: Infer CARRY group, base inst: u_TSMAC_FIFO_RXCKLI/U_ipml_fifo_TSMAC_FIFO_RXCKLI/U_ipml_fifo_ctrl/N110.eq_0/gateop, insts:3.
I: Infer CARRY group, base inst: u_integration_kit_dbg/gen_ahb_dcache.u_cmsdk_ahb_dcache/u_D_Cache/N335_1/gateop, insts:32.
I: Infer CARRY group, base inst: u_integration_kit_dbg/gen_ahb_dcache.u_cmsdk_ahb_dcache/u_D_Cache/N415.eq_1/gateop, insts:15.
I: Infer CARRY group, base inst: u_integration_kit_dbg/gen_ahb_dcache.u_cmsdk_ahb_dcache/u_D_Cache/N432_1_1/gateop, insts:9.
I: Infer CARRY group, base inst: u_integration_kit_dbg/gen_ahb_dcache.u_cmsdk_ahb_dcache/u_D_Cache/N446.eq_1/gateop, insts:15.
I: Infer CARRY group, base inst: u_integration_kit_dbg/gen_ahb_dcache.u_cmsdk_ahb_dcache/u_D_Cache/N479.lt_0/gateop, insts:14.
I: Infer CARRY group, base inst: u_integration_kit_dbg/gen_ahb_dcache.u_cmsdk_ahb_dcache/u_D_Cache/N484.lt_0/gateop, insts:14.
I: Infer CARRY group, base inst: u_integration_kit_dbg/gen_ahb_dcache.u_cmsdk_ahb_dcache/u_D_Cache/N560.lt_0/gateop, insts:14.
I: Infer CARRY group, base inst: u_integration_kit_dbg/gen_ahb_dcache.u_cmsdk_ahb_dcache/u_D_Cache/N565.lt_0/gateop, insts:14.
I: Infer CARRY group, base inst: u_integration_kit_dbg/gen_ahb_dcache.u_cmsdk_ahb_dcache/u_D_Cache/N574_1_1/gateop, insts:9.
I: Infer CARRY group, base inst: u_integration_kit_dbg/gen_ahb_dcache.u_cmsdk_ahb_dcache/u_D_Cache/N664.eq_0/gateop, insts:10.
I: Infer CARRY group, base inst: u_integration_kit_dbg/gen_ahb_ethernet_dmac.u_cmsdk_ahb_ethernet_dmac/u_Ethernet_DMAC/N134_1_1/gateop, insts:15.
I: Infer CARRY group, base inst: u_integration_kit_dbg/gen_ahb_ethernet_dmac.u_cmsdk_ahb_ethernet_dmac/u_Ethernet_DMAC/N170.eq_0/gateop, insts:8.
I: Infer CARRY group, base inst: u_integration_kit_dbg/gen_ahb_ethernet_dmac.u_cmsdk_ahb_ethernet_dmac/u_Ethernet_DMAC/N172.eq_0/gateop, insts:8.
I: Infer CARRY group, base inst: u_integration_kit_dbg/gen_ahb_ethernet_dmac.u_cmsdk_ahb_ethernet_dmac/u_Ethernet_DMAC/N181_1_1/gateop, insts:4.
I: Infer CARRY group, base inst: u_integration_kit_dbg/gen_ahb_ethernet_dmac.u_cmsdk_ahb_ethernet_dmac/u_Ethernet_DMAC/N262_1_1/gateop, insts:15.
I: Infer CARRY group, base inst: u_integration_kit_dbg/gen_ahb_icache.u_cmsdk_ahb_icache/u_I_Cache/N26_1_1/gateop, insts:7.
I: Infer CARRY group, base inst: u_integration_kit_dbg/gen_ahb_icache.u_cmsdk_ahb_icache/u_I_Cache/N77.eq_0/gateop, insts:10.
I: Infer CARRY group, base inst: u_integration_kit_dbg/u_apb_subsystem/gen_apb_spi_0.u_apb_spi_0/N41.lt_0/gateop, insts:2.
I: Infer CARRY group, base inst: u_integration_kit_dbg/u_apb_subsystem/gen_apb_spi_0.u_apb_spi_0/N56.lt_0/gateop, insts:3.
I: Infer CARRY group, base inst: u_integration_kit_dbg/u_apb_subsystem/gen_apb_spi_0.u_apb_spi_0/N359_4_0/gateop, insts:6.
I: Infer CARRY group, base inst: u_integration_kit_dbg/u_apb_subsystem/gen_apb_timer_0.u_apb_timer_0/N140_1.fsub_0/gateop, insts:32.
I: Infer CARRY group, base inst: u_integration_kit_dbg/u_apb_subsystem/gen_apb_timer_1.u_apb_timer_1/N140_1.fsub_0/gateop, insts:32.
I: Infer CARRY group, base inst: u_integration_kit_dbg/u_apb_subsystem/gen_apb_uart_0.u_apb_uart_0/N147.lt_0/gateop, insts:2.
I: Infer CARRY group, base inst: u_integration_kit_dbg/u_apb_subsystem/gen_apb_uart_0.u_apb_uart_0/N158_1.fsub_0/gateop, insts:16.
I: Infer CARRY group, base inst: u_integration_kit_dbg/u_apb_subsystem/gen_apb_uart_1.u_apb_uart_1/N147.lt_0/gateop, insts:2.
I: Infer CARRY group, base inst: u_integration_kit_dbg/u_apb_subsystem/gen_apb_uart_1.u_apb_uart_1/N158_1.fsub_0/gateop, insts:16.
I: Infer CARRY group, base inst: u_tsmac_phy/U_pgs_tsmac_core_v1_1/U_pgs_tsmac_rx_sm_v1_1/N163.eq_0/gateop, insts:3.
I: Infer CARRY group, base inst: u_tsmac_phy/U_pgs_tsmac_core_v1_1/U_pgs_tsmac_rx_sm_v1_1/N187.eq_0/gateop, insts:5.
I: Infer CARRY group, base inst: u_tsmac_phy/U_pgs_tsmac_core_v1_1/U_pgs_tsmac_rx_sm_v1_1/N198.eq_0/gateop, insts:24.
I: Infer CARRY group, base inst: u_tsmac_phy/U_pgs_tsmac_core_v1_1/U_pgs_tsmac_rx_sm_v1_1/N265_1_0/gateop, insts:11.
I: Infer CARRY group, base inst: u_tsmac_phy/U_pgs_tsmac_core_v1_1/U_pgs_tsmac_rx_sm_v1_1/N274_1_1/gateop, insts:10.
I: Infer CARRY group, base inst: ddr_hdmi/fram_buf_hdmi/wr_rd_ctrl_top/wr_cmd_trans/N42_1_1/gateop, insts:11.
I: Infer CARRY group, base inst: ddr_hdmi/fram_buf_hdmi/wr_rd_ctrl_top/wr_cmd_trans/N86_2_1/gateop, insts:25.
I: Infer CARRY group, base inst: ddr_hdmi/fram_buf_hdmi/wr_rd_ctrl_top/wr_cmd_trans/N150_1_1/gateop, insts:15.
I: Infer CARRY group, base inst: ddr_hdmi/fram_buf_hdmi/wr_rd_ctrl_top/wr_cmd_trans/N192_1_1/gateop, insts:11.
I: Infer CARRY group, base inst: ddr_hdmi/fram_buf_hdmi/wr_rd_ctrl_top/wr_cmd_trans/N227_2_1/gateop, insts:25.
I: Infer CARRY group, base inst: u_DDR3_50H/u_ddrphy_top/ddrphy_calib_top/ddrphy_init/N3_1_1/gateop, insts:15.
I: Infer CARRY group, base inst: u_DDR3_50H/u_ddrphy_top/ddrphy_calib_top/ddrphy_init/N23_1_1/gateop, insts:15.
I: Infer CARRY group, base inst: u_DDR3_50H/u_ddrphy_top/ddrphy_calib_top/ddrphy_init/N41_1_1/gateop, insts:7.
I: Infer CARRY group, base inst: u_DDR3_50H/u_ddrphy_top/ddrphy_calib_top/ddrphy_init/N79_1_1/gateop, insts:9.
I: Infer CARRY group, base inst: u_DDR3_50H/u_ddrphy_top/ddrphy_calib_top/ddrphy_wrlvl/N8_1_1/gateop, insts:7.
I: Infer CARRY group, base inst: u_DDR3_50H/u_ddrphy_top/ddrphy_calib_top/rdcal/N33_1_1/gateop, insts:17.
I: Infer CARRY group, base inst: u_DDR3_50H/u_ddrphy_top/ddrphy_reset_ctrl/ddrphy_pll_lock_debounce/N11_1_1/gateop, insts:18.
I: Infer CARRY group, base inst: u_DDR3_50H/u_ipsxb_ddrc_top/mcdq_dcd_top/mcdq_dcd_bm/N37_1_1/gateop, insts:12.
I: Infer CARRY group, base inst: u_DDR3_50H/u_ipsxb_ddrc_top/mcdq_dcd_top/mcdq_dcd_sm/N162_6_0[9:0]/gateop, insts:8.
I: Infer CARRY group, base inst: u_DDR3_50H/u_ipsxb_ddrc_top/mcdq_dcp_top/mcdq_dcp_buf/N46_1_1/gateop, insts:6.
I: Infer CARRY group, base inst: u_integration_kit_dbg/u_apb_subsystem/gen_apb_watchdog.u_apb_watchdog/u_apb_watchdog_frc/N38_1.fsub_0/gateop, insts:16.
I: Infer CARRY group, base inst: u_integration_kit_dbg/u_apb_subsystem/gen_apb_watchdog.u_apb_watchdog/u_apb_watchdog_frc/N54_3.fsub_0/gateop, insts:17.
I: Infer CARRY group, base inst: u_DDR3_50H/u_ddrphy_top/ddrphy_slice_top/i_dqs_group[0].u_ddrphy_data_slice/data_slice_wrlvl/N102_1_0/gateop, insts:8.
I: Infer CARRY group, base inst: u_DDR3_50H/u_ddrphy_top/ddrphy_slice_top/i_dqs_group[0].u_ddrphy_data_slice/data_slice_wrlvl/N104_1_1/gateop, insts:7.
I: Infer CARRY group, base inst: u_DDR3_50H/u_ddrphy_top/ddrphy_slice_top/i_dqs_group[0].u_ddrphy_data_slice/data_slice_wrlvl/N201_1_1/gateop, insts:7.
I: Infer CARRY group, base inst: u_DDR3_50H/u_ddrphy_top/ddrphy_slice_top/i_dqs_group[0].u_ddrphy_data_slice/dqsi_rdel_cal/N28_1.fsub_1/gateop, insts:6.
I: Infer CARRY group, base inst: u_DDR3_50H/u_ddrphy_top/ddrphy_slice_top/i_dqs_group[0].u_ddrphy_data_slice/dqsi_rdel_cal/N33_1_1/gateop, insts:7.
I: Infer CARRY group, base inst: u_DDR3_50H/u_ddrphy_top/ddrphy_slice_top/i_dqs_group[0].u_ddrphy_data_slice/dqsi_rdel_cal/N43_1.fsub_1/gateop, insts:7.
I: Infer CARRY group, base inst: u_DDR3_50H/u_ddrphy_top/ddrphy_slice_top/i_dqs_group[0].u_ddrphy_data_slice/dqsi_rdel_cal/N53.eq_0/gateop, insts:4.
I: Infer CARRY group, base inst: u_DDR3_50H/u_ddrphy_top/ddrphy_slice_top/i_dqs_group[0].u_ddrphy_data_slice/dqsi_rdel_cal/N85_1/gateop, insts:8.
I: Infer CARRY group, base inst: u_DDR3_50H/u_ddrphy_top/ddrphy_slice_top/i_dqs_group[0].u_ddrphy_data_slice/dqsi_rdel_cal/N104_1_1/gateop, insts:9.
I: Infer CARRY group, base inst: u_DDR3_50H/u_ddrphy_top/ddrphy_slice_top/i_dqs_group[0].u_ddrphy_data_slice/dqsi_rdel_cal/N108.eq_0/gateop, insts:5.
I: Infer CARRY group, base inst: u_DDR3_50H/u_ddrphy_top/ddrphy_slice_top/i_dqs_group[0].u_ddrphy_data_slice/dqsi_rdel_cal/N167.eq_0/gateop, insts:5.
I: Infer CARRY group, base inst: u_DDR3_50H/u_ddrphy_top/ddrphy_slice_top/i_dqs_group[0].u_ddrphy_data_slice/dqsi_rdel_cal/N264_1_0/gateop, insts:8.
I: Infer CARRY group, base inst: u_DDR3_50H/u_ddrphy_top/ddrphy_slice_top/i_dqs_group[0].u_ddrphy_data_slice/dqsi_rdel_cal/N280_1_0/gateop, insts:8.
I: Infer CARRY group, base inst: u_DDR3_50H/u_ddrphy_top/ddrphy_slice_top/i_dqs_group[0].u_ddrphy_data_slice/dqsi_rdel_cal/N285_1_1/gateop, insts:9.
I: Infer CARRY group, base inst: u_DDR3_50H/u_ddrphy_top/ddrphy_slice_top/i_dqs_group[1].u_ddrphy_data_slice/data_slice_wrlvl/N102_1_0/gateop, insts:8.
I: Infer CARRY group, base inst: u_DDR3_50H/u_ddrphy_top/ddrphy_slice_top/i_dqs_group[1].u_ddrphy_data_slice/data_slice_wrlvl/N104_1_1/gateop, insts:7.
I: Infer CARRY group, base inst: u_DDR3_50H/u_ddrphy_top/ddrphy_slice_top/i_dqs_group[1].u_ddrphy_data_slice/data_slice_wrlvl/N201_1_1/gateop, insts:7.
I: Infer CARRY group, base inst: u_DDR3_50H/u_ddrphy_top/ddrphy_slice_top/i_dqs_group[1].u_ddrphy_data_slice/dqsi_rdel_cal/N28_1.fsub_1/gateop, insts:6.
I: Infer CARRY group, base inst: u_DDR3_50H/u_ddrphy_top/ddrphy_slice_top/i_dqs_group[1].u_ddrphy_data_slice/dqsi_rdel_cal/N33_1_1/gateop, insts:7.
I: Infer CARRY group, base inst: u_DDR3_50H/u_ddrphy_top/ddrphy_slice_top/i_dqs_group[1].u_ddrphy_data_slice/dqsi_rdel_cal/N43_1.fsub_1/gateop, insts:7.
I: Infer CARRY group, base inst: u_DDR3_50H/u_ddrphy_top/ddrphy_slice_top/i_dqs_group[1].u_ddrphy_data_slice/dqsi_rdel_cal/N53.eq_0/gateop, insts:4.
I: Infer CARRY group, base inst: u_DDR3_50H/u_ddrphy_top/ddrphy_slice_top/i_dqs_group[1].u_ddrphy_data_slice/dqsi_rdel_cal/N85_1/gateop, insts:8.
I: Infer CARRY group, base inst: u_DDR3_50H/u_ddrphy_top/ddrphy_slice_top/i_dqs_group[1].u_ddrphy_data_slice/dqsi_rdel_cal/N104_1_1/gateop, insts:9.
I: Infer CARRY group, base inst: u_DDR3_50H/u_ddrphy_top/ddrphy_slice_top/i_dqs_group[1].u_ddrphy_data_slice/dqsi_rdel_cal/N108.eq_0/gateop, insts:5.
I: Infer CARRY group, base inst: u_DDR3_50H/u_ddrphy_top/ddrphy_slice_top/i_dqs_group[1].u_ddrphy_data_slice/dqsi_rdel_cal/N167.eq_0/gateop, insts:5.
I: Infer CARRY group, base inst: u_DDR3_50H/u_ddrphy_top/ddrphy_slice_top/i_dqs_group[1].u_ddrphy_data_slice/dqsi_rdel_cal/N264_1_0/gateop, insts:8.
I: Infer CARRY group, base inst: u_DDR3_50H/u_ddrphy_top/ddrphy_slice_top/i_dqs_group[1].u_ddrphy_data_slice/dqsi_rdel_cal/N280_1_0/gateop, insts:8.
I: Infer CARRY group, base inst: u_DDR3_50H/u_ddrphy_top/ddrphy_slice_top/i_dqs_group[1].u_ddrphy_data_slice/dqsi_rdel_cal/N285_1_1/gateop, insts:9.
I: Infer CARRY group, base inst: u_DDR3_50H/u_ddrphy_top/ddrphy_slice_top/i_dqs_group[2].u_ddrphy_data_slice/data_slice_wrlvl/N102_1_0/gateop, insts:8.
I: Infer CARRY group, base inst: u_DDR3_50H/u_ddrphy_top/ddrphy_slice_top/i_dqs_group[2].u_ddrphy_data_slice/data_slice_wrlvl/N104_1_1/gateop, insts:7.
I: Infer CARRY group, base inst: u_DDR3_50H/u_ddrphy_top/ddrphy_slice_top/i_dqs_group[2].u_ddrphy_data_slice/data_slice_wrlvl/N201_1_1/gateop, insts:7.
I: Infer CARRY group, base inst: u_DDR3_50H/u_ddrphy_top/ddrphy_slice_top/i_dqs_group[2].u_ddrphy_data_slice/dqsi_rdel_cal/N85_1/gateop, insts:8.
I: Infer CARRY group, base inst: u_DDR3_50H/u_ddrphy_top/ddrphy_slice_top/i_dqs_group[2].u_ddrphy_data_slice/dqsi_rdel_cal/N104_1_1/gateop, insts:9.
I: Infer CARRY group, base inst: u_DDR3_50H/u_ddrphy_top/ddrphy_slice_top/i_dqs_group[2].u_ddrphy_data_slice/dqsi_rdel_cal/N108.eq_0/gateop, insts:5.
I: Infer CARRY group, base inst: u_DDR3_50H/u_ddrphy_top/ddrphy_slice_top/i_dqs_group[2].u_ddrphy_data_slice/dqsi_rdel_cal/N167.eq_0/gateop, insts:5.
I: Infer CARRY group, base inst: u_DDR3_50H/u_ddrphy_top/ddrphy_slice_top/i_dqs_group[2].u_ddrphy_data_slice/dqsi_rdel_cal/N264_1_0/gateop, insts:8.
I: Infer CARRY group, base inst: u_DDR3_50H/u_ddrphy_top/ddrphy_slice_top/i_dqs_group[2].u_ddrphy_data_slice/dqsi_rdel_cal/N280_1_0/gateop, insts:8.
I: Infer CARRY group, base inst: u_DDR3_50H/u_ddrphy_top/ddrphy_slice_top/i_dqs_group[2].u_ddrphy_data_slice/dqsi_rdel_cal/N285_1_1/gateop, insts:9.
I: Infer CARRY group, base inst: u_DDR3_50H/u_ddrphy_top/ddrphy_slice_top/i_dqs_group[3].u_ddrphy_data_slice/data_slice_wrlvl/N102_1_0/gateop, insts:8.
I: Infer CARRY group, base inst: u_DDR3_50H/u_ddrphy_top/ddrphy_slice_top/i_dqs_group[3].u_ddrphy_data_slice/data_slice_wrlvl/N104_1_1/gateop, insts:7.
I: Infer CARRY group, base inst: u_DDR3_50H/u_ddrphy_top/ddrphy_slice_top/i_dqs_group[3].u_ddrphy_data_slice/data_slice_wrlvl/N201_1_1/gateop, insts:7.
I: Infer CARRY group, base inst: u_DDR3_50H/u_ddrphy_top/ddrphy_slice_top/i_dqs_group[3].u_ddrphy_data_slice/dqsi_rdel_cal/N85_1/gateop, insts:8.
I: Infer CARRY group, base inst: u_DDR3_50H/u_ddrphy_top/ddrphy_slice_top/i_dqs_group[3].u_ddrphy_data_slice/dqsi_rdel_cal/N104_1_1/gateop, insts:9.
I: Infer CARRY group, base inst: u_DDR3_50H/u_ddrphy_top/ddrphy_slice_top/i_dqs_group[3].u_ddrphy_data_slice/dqsi_rdel_cal/N108.eq_0/gateop, insts:5.
I: Infer CARRY group, base inst: u_DDR3_50H/u_ddrphy_top/ddrphy_slice_top/i_dqs_group[3].u_ddrphy_data_slice/dqsi_rdel_cal/N167.eq_0/gateop, insts:5.
I: Infer CARRY group, base inst: u_DDR3_50H/u_ddrphy_top/ddrphy_slice_top/i_dqs_group[3].u_ddrphy_data_slice/dqsi_rdel_cal/N264_1_0/gateop, insts:8.
I: Infer CARRY group, base inst: u_DDR3_50H/u_ddrphy_top/ddrphy_slice_top/i_dqs_group[3].u_ddrphy_data_slice/dqsi_rdel_cal/N280_1_0/gateop, insts:8.
I: Infer CARRY group, base inst: u_DDR3_50H/u_ddrphy_top/ddrphy_slice_top/i_dqs_group[3].u_ddrphy_data_slice/dqsi_rdel_cal/N285_1_1/gateop, insts:9.
I: Infer CARRY group, base inst: u_DDR3_50H/u_ipsxb_ddrc_top/mcdq_dcp_top/mcdq_dcp_back_ctrl/timing_act_pass/N31.lt_0/gateop, insts:4.
I: Infer CARRY group, base inst: u_DDR3_50H/u_ipsxb_ddrc_top/mcdq_dcp_top/mcdq_dcp_back_ctrl/timing_ref_pass/N27.lt_1/gateop, insts:3.
I: Infer CARRY group, base inst: u_integration_kit_dbg/gen_CortexM1Integration.u_cm1_integration/u_cortexm1/u_core/u_ctrl/N697.eq_0/gateop, insts:2.
I: Infer CARRY group, base inst: u_integration_kit_dbg/gen_CortexM1Integration.u_cm1_integration/u_cortexm1/u_core/u_ctrl/N706.eq_0/gateop, insts:2.
I: Infer CARRY group, base inst: u_integration_kit_dbg/gen_CortexM1Integration.u_cm1_integration/u_cortexm1/u_core/u_dp/N336_1_1/gateop, insts:30.
I: Infer CARRY group, base inst: u_integration_kit_dbg/gen_CortexM1Integration.u_cm1_integration/u_cortexm1/u_nvic/u_ahb_os/N110_1.fsub_0/gateop, insts:24.
I: Infer CARRY group, base inst: u_integration_kit_dbg/u_apb_subsystem/gen_apb_i2c_0.u_apb_i2c_0/byte_controller/bit_controller/N11_1.fsub_0/gateop, insts:16.
I: Infer CARRY group, base inst: u_integration_kit_dbg/u_apb_subsystem/gen_apb_i2c_0.u_apb_i2c_0/byte_controller/bit_controller/N31_1.fsub_0/gateop, insts:14.
I: Infer CARRY group, base inst: u_tsmac_phy/U_pgs_tsmac_core_v1_1/U_pe_mcxmac/pe_mcxmac_core_1/perfn_top_1/N208_1_1/gateop, insts:7.
I: Infer CARRY group, base inst: u_tsmac_phy/U_pgs_tsmac_core_v1_1/U_pe_mcxmac/pe_mcxmac_core_1/perfn_top_1/N223_1.fsub_1/gateop, insts:6.
I: Infer CARRY group, base inst: u_tsmac_phy/U_pgs_tsmac_core_v1_1/U_pe_mcxmac/pe_mcxmac_core_1/perfn_top_1/N224.lt_0/gateop, insts:4.
I: Infer CARRY group, base inst: u_tsmac_phy/U_pgs_tsmac_core_v1_1/U_pe_mcxmac/pe_mcxmac_core_1/perfn_top_1/N230.lt_0/gateop, insts:4.
I: Infer CARRY group, base inst: u_tsmac_phy/U_pgs_tsmac_core_v1_1/U_pe_mcxmac/pe_mcxmac_core_1/perfn_top_1/N243_1_1/gateop, insts:15.
I: Infer CARRY group, base inst: u_tsmac_phy/U_pgs_tsmac_core_v1_1/U_pe_mcxmac/pe_mcxmac_core_1/perfn_top_1/N333_1.fsub_1/gateop, insts:16.
I: Infer CARRY group, base inst: u_tsmac_phy/U_pgs_tsmac_core_v1_1/U_pe_mcxmac/pe_mcxmac_core_1/perfn_top_1/N334.eq_0/gateop, insts:9.
I: Infer CARRY group, base inst: u_tsmac_phy/U_pgs_tsmac_core_v1_1/U_pe_mcxmac/pe_mcxmac_core_1/perfn_top_1/N341_1.fsub_1/gateop, insts:16.
I: Infer CARRY group, base inst: u_tsmac_phy/U_pgs_tsmac_core_v1_1/U_pe_mcxmac/pe_mcxmac_core_1/perfn_top_1/N342.eq_0/gateop, insts:9.
I: Infer CARRY group, base inst: u_tsmac_phy/U_pgs_tsmac_core_v1_1/U_pe_mcxmac/pe_mcxmac_core_1/perfn_top_1/N581_1.fsub_1/gateop, insts:14.
I: Infer CARRY group, base inst: u_tsmac_phy/U_pgs_tsmac_core_v1_1/U_pe_mcxmac/pe_mcxmac_core_1/perfn_top_1/N588_1.fsub_1/gateop, insts:14.
I: Infer CARRY group, base inst: u_tsmac_phy/U_pgs_tsmac_core_v1_1/U_pe_mcxmac/pe_mcxmac_core_1/perfn_top_1/N593.eq_0/gateop, insts:8.
I: Infer CARRY group, base inst: u_tsmac_phy/U_pgs_tsmac_core_v1_1/U_pe_mcxmac/pe_mcxmac_core_1/permc_top_1/N102.eq_0/gateop, insts:4.
I: Infer CARRY group, base inst: u_tsmac_phy/U_pgs_tsmac_core_v1_1/U_pe_mcxmac/pe_mcxmac_core_1/permc_top_1/N104.eq_0/gateop, insts:4.
I: Infer CARRY group, base inst: u_tsmac_phy/U_pgs_tsmac_core_v1_1/U_pe_mcxmac/pe_mcxmac_core_1/permc_top_1/N106.eq_0/gateop, insts:4.
I: Infer CARRY group, base inst: u_tsmac_phy/U_pgs_tsmac_core_v1_1/U_pe_mcxmac/pe_mcxmac_core_1/permc_top_1/N108.eq_0/gateop, insts:4.
I: Infer CARRY group, base inst: u_tsmac_phy/U_pgs_tsmac_core_v1_1/U_pe_mcxmac/pe_mcxmac_core_1/permc_top_1/N110.eq_0/gateop, insts:4.
I: Infer CARRY group, base inst: u_tsmac_phy/U_pgs_tsmac_core_v1_1/U_pe_mcxmac/pe_mcxmac_core_1/permc_top_1/N112.eq_0/gateop, insts:4.
I: Infer CARRY group, base inst: u_tsmac_phy/U_pgs_tsmac_core_v1_1/U_pe_mcxmac/pe_mcxmac_core_1/permc_top_1/N258_1.fsub_1/gateop, insts:15.
I: Infer CARRY group, base inst: u_tsmac_phy/U_pgs_tsmac_core_v1_1/U_pe_mcxmac/pe_mcxmac_core_1/permc_top_1/N283_1_1/gateop, insts:6.
I: Infer CARRY group, base inst: u_tsmac_phy/U_pgs_tsmac_core_v1_1/U_pe_mcxmac/pe_mcxmac_core_1/petfn_top_1/N406_1.fsub_0/gateop, insts:7.
I: Infer CARRY group, base inst: u_tsmac_phy/U_pgs_tsmac_core_v1_1/U_pe_mcxmac/pe_mcxmac_core_1/petfn_top_1/N469_1_1/gateop, insts:15.
I: Infer CARRY group, base inst: u_tsmac_phy/U_pgs_tsmac_core_v1_1/U_pe_mcxmac/pe_mcxmac_core_1/petfn_top_1/N504.eq_0/gateop, insts:8.
I: Infer CARRY group, base inst: u_tsmac_phy/U_pgs_tsmac_core_v1_1/U_pe_mcxmac/pe_mcxmac_core_1/petfn_top_1/N523_1_1/gateop, insts:15.
I: Infer CARRY group, base inst: u_tsmac_phy/U_pgs_tsmac_core_v1_1/U_pe_mcxmac/pe_mcxmac_core_1/petfn_top_1/N537.eq_0/gateop, insts:3.
I: Infer CARRY group, base inst: u_tsmac_phy/U_pgs_tsmac_core_v1_1/U_pe_mcxmac/pe_mcxmac_core_1/petfn_top_1/N582.eq_0/gateop, insts:2.
I: Infer CARRY group, base inst: u_tsmac_phy/U_pgs_tsmac_core_v1_1/U_pe_mcxmac/pe_mcxmac_core_1/petfn_top_1/N664.eq_0/gateop, insts:5.
I: Infer CARRY group, base inst: u_tsmac_phy/U_pgs_tsmac_core_v1_1/U_pe_mcxmac/pe_mcxmac_core_1/petfn_top_1/N750_1.fsub_0/gateop, insts:9.
I: Infer CARRY group, base inst: u_tsmac_phy/U_pgs_tsmac_core_v1_1/U_pe_mcxmac/pe_mcxmac_core_1/petfn_top_1/N768_1_1/gateop, insts:9.
I: Infer CARRY group, base inst: u_udp_hw_speedup/u_tx_speedup/u_ex_data_fifo/U_ipml_fifo_ex_data_fifo/U_ipml_fifo_ctrl/N11_1/gateop, insts:12.
I: Infer CARRY group, base inst: u_udp_hw_speedup/u_tx_speedup/u_ex_data_fifo/U_ipml_fifo_ex_data_fifo/U_ipml_fifo_ctrl/N24.eq_0/gateop, insts:6.
I: Infer CARRY group, base inst: u_DDR3_50H/u_ddrphy_top/ddrphy_slice_top/i_dqs_group[0].u_ddrphy_data_slice/data_slice_dqs_gate_cal/gatecal/N81_1_0/gateop, insts:6.
I: Infer CARRY group, base inst: u_DDR3_50H/u_ddrphy_top/ddrphy_slice_top/i_dqs_group[0].u_ddrphy_data_slice/data_slice_dqs_gate_cal/gatecal/N389_8.fsub_1/gateop, insts:5.
I: Infer CARRY group, base inst: u_DDR3_50H/u_ddrphy_top/ddrphy_slice_top/i_dqs_group[1].u_ddrphy_data_slice/data_slice_dqs_gate_cal/gatecal/N81_1_0/gateop, insts:6.
I: Infer CARRY group, base inst: u_DDR3_50H/u_ddrphy_top/ddrphy_slice_top/i_dqs_group[1].u_ddrphy_data_slice/data_slice_dqs_gate_cal/gatecal/N389_8.fsub_1/gateop, insts:5.
I: Infer CARRY group, base inst: u_DDR3_50H/u_ddrphy_top/ddrphy_slice_top/i_dqs_group[2].u_ddrphy_data_slice/data_slice_dqs_gate_cal/gatecal/N81_1_0/gateop, insts:6.
I: Infer CARRY group, base inst: u_DDR3_50H/u_ddrphy_top/ddrphy_slice_top/i_dqs_group[2].u_ddrphy_data_slice/data_slice_dqs_gate_cal/gatecal/N389_8.fsub_1/gateop, insts:5.
I: Infer CARRY group, base inst: u_DDR3_50H/u_ddrphy_top/ddrphy_slice_top/i_dqs_group[3].u_ddrphy_data_slice/data_slice_dqs_gate_cal/gatecal/N81_1_0/gateop, insts:6.
I: Infer CARRY group, base inst: u_DDR3_50H/u_ddrphy_top/ddrphy_slice_top/i_dqs_group[3].u_ddrphy_data_slice/data_slice_dqs_gate_cal/gatecal/N389_8.fsub_1/gateop, insts:5.
I: Infer CARRY group, base inst: u_DDR3_50H/u_ipsxb_ddrc_top/mcdq_wdatapath/ipsxb_distributed_fifo/u_ipsxb_distributed_fifo_distributed_fifo_v1_0/u_ipsxb_distributed_fifo_ctr/N2_1/gateop, insts:5.
I: Infer CARRY group, base inst: u_DDR3_50H/u_ipsxb_ddrc_top/mcdq_wdatapath/ipsxb_distributed_fifo/u_ipsxb_distributed_fifo_distributed_fifo_v1_0/u_ipsxb_distributed_fifo_ctr/N9_1/gateop, insts:5.
I: Infer CARRY group, base inst: u_DDR3_50H/u_ipsxb_ddrc_top/mcdq_wdatapath/ipsxb_distributed_fifo/u_ipsxb_distributed_fifo_distributed_fifo_v1_0/u_ipsxb_distributed_fifo_ctr/N36.eq_0/gateop, insts:3.
I: Infer CARRY group, base inst: u_integration_kit_dbg/gen_CortexM1Integration.u_cm1_integration/u_cortexm1/u_core/u_ctrl/u_r_list_add/sint_0/gateop, insts:5.
I: Infer CARRY group, base inst: u_integration_kit_dbg/gen_ahb_ethernet_dmac.u_cmsdk_ahb_ethernet_dmac/u_Ethernet_DMAC/u_RX_FIFO/U_ipml_fifo_RX_FIFO/U_ipml_fifo_ctrl/N2_1_1/gateop, insts:12.
I: Infer CARRY group, base inst: u_integration_kit_dbg/gen_ahb_ethernet_dmac.u_cmsdk_ahb_ethernet_dmac/u_Ethernet_DMAC/u_RX_FIFO/U_ipml_fifo_RX_FIFO/U_ipml_fifo_ctrl/N11_1/gateop, insts:9.
I: Infer CARRY group, base inst: u_integration_kit_dbg/gen_ahb_ethernet_dmac.u_cmsdk_ahb_ethernet_dmac/u_Ethernet_DMAC/u_RX_FIFO/U_ipml_fifo_RX_FIFO/U_ipml_fifo_ctrl/N22.eq_0/gateop, insts:6.
I: Infer CARRY group, base inst: u_integration_kit_dbg/gen_ahb_ethernet_dmac.u_cmsdk_ahb_ethernet_dmac/u_Ethernet_DMAC/u_RX_FIFO/U_ipml_fifo_RX_FIFO/U_ipml_fifo_ctrl/N25.eq_0/gateop, insts:5.
I: Infer CARRY group, base inst: u_integration_kit_dbg/gen_ahb_ethernet_dmac.u_cmsdk_ahb_ethernet_dmac/u_Ethernet_DMAC/u_RX_FIFO/U_ipml_fifo_RX_FIFO/U_ipml_fifo_ctrl/N139_6.fsub_1/gateop, insts:9.
I: Infer CARRY group, base inst: u_integration_kit_dbg/gen_ahb_ethernet_dmac.u_cmsdk_ahb_ethernet_dmac/u_Ethernet_DMAC/u_TX_FIFO/U_ipml_fifo_TX_FIFO/U_ipml_fifo_ctrl/N11_1/gateop, insts:13.
I: Infer CARRY group, base inst: u_integration_kit_dbg/gen_ahb_ethernet_dmac.u_cmsdk_ahb_ethernet_dmac/u_Ethernet_DMAC/u_TX_FIFO/U_ipml_fifo_TX_FIFO/U_ipml_fifo_ctrl/N25.eq_0/gateop, insts:7.
I: Infer CARRY group, base inst: u_DDR3_50H/u_ipsxb_ddrc_top/mcdq_dcp_top/mcdq_dcp_buf/A_ipsxb_distributed_fifo/u_ipsxb_distributed_fifo_distributed_fifo_v1_0/u_ipsxb_distributed_fifo_ctr/N2_1/gateop, insts:5.
I: Infer CARRY group, base inst: u_DDR3_50H/u_ipsxb_ddrc_top/mcdq_dcp_top/mcdq_dcp_buf/A_ipsxb_distributed_fifo/u_ipsxb_distributed_fifo_distributed_fifo_v1_0/u_ipsxb_distributed_fifo_ctr/N9_1/gateop, insts:5.
I: Infer CARRY group, base inst: u_DDR3_50H/u_ipsxb_ddrc_top/mcdq_dcp_top/mcdq_dcp_buf/A_ipsxb_distributed_fifo/u_ipsxb_distributed_fifo_distributed_fifo_v1_0/u_ipsxb_distributed_fifo_ctr/N19.lt_0/gateop, insts:3.
I: Infer CARRY group, base inst: u_DDR3_50H/u_ipsxb_ddrc_top/mcdq_dcp_top/mcdq_dcp_buf/A_ipsxb_distributed_fifo/u_ipsxb_distributed_fifo_distributed_fifo_v1_0/u_ipsxb_distributed_fifo_ctr/N24_1.fsub_1/gateop, insts:6.
I: Infer CARRY group, base inst: u_DDR3_50H/u_ipsxb_ddrc_top/mcdq_dcp_top/mcdq_dcp_buf/A_ipsxb_distributed_fifo/u_ipsxb_distributed_fifo_distributed_fifo_v1_0/u_ipsxb_distributed_fifo_ctr/N30.fsub_1/gateop, insts:6.
I: Infer CARRY group, base inst: u_DDR3_50H/u_ipsxb_ddrc_top/mcdq_dcp_top/mcdq_dcp_buf/A_ipsxb_distributed_fifo/u_ipsxb_distributed_fifo_distributed_fifo_v1_0/u_ipsxb_distributed_fifo_ctr/N36.eq_0/gateop, insts:3.
I: Infer CARRY group, base inst: u_DDR3_50H/u_ipsxb_ddrc_top/mcdq_dcp_top/mcdq_dcp_buf/B_ipsxb_distributed_fifo/u_ipsxb_distributed_fifo_distributed_fifo_v1_0/u_ipsxb_distributed_fifo_ctr/N2_1/gateop, insts:5.
I: Infer CARRY group, base inst: u_DDR3_50H/u_ipsxb_ddrc_top/mcdq_dcp_top/mcdq_dcp_buf/B_ipsxb_distributed_fifo/u_ipsxb_distributed_fifo_distributed_fifo_v1_0/u_ipsxb_distributed_fifo_ctr/N9_1/gateop, insts:5.
I: Infer CARRY group, base inst: u_DDR3_50H/u_ipsxb_ddrc_top/mcdq_dcp_top/mcdq_dcp_buf/B_ipsxb_distributed_fifo/u_ipsxb_distributed_fifo_distributed_fifo_v1_0/u_ipsxb_distributed_fifo_ctr/N19.lt_0/gateop, insts:3.
I: Infer CARRY group, base inst: u_DDR3_50H/u_ipsxb_ddrc_top/mcdq_dcp_top/mcdq_dcp_buf/B_ipsxb_distributed_fifo/u_ipsxb_distributed_fifo_distributed_fifo_v1_0/u_ipsxb_distributed_fifo_ctr/N24_1.fsub_1/gateop, insts:6.
I: Infer CARRY group, base inst: u_DDR3_50H/u_ipsxb_ddrc_top/mcdq_dcp_top/mcdq_dcp_buf/B_ipsxb_distributed_fifo/u_ipsxb_distributed_fifo_distributed_fifo_v1_0/u_ipsxb_distributed_fifo_ctr/N30.fsub_1/gateop, insts:6.
I: Infer CARRY group, base inst: u_DDR3_50H/u_ipsxb_ddrc_top/mcdq_dcp_top/mcdq_dcp_buf/B_ipsxb_distributed_fifo/u_ipsxb_distributed_fifo_distributed_fifo_v1_0/u_ipsxb_distributed_fifo_ctr/N36.eq_0/gateop, insts:3.
I: Infer CARRY group, base inst: u_integration_kit_dbg/gen_CortexM1Integration.u_cm1_integration/u_cortexm1/u_core/u_dp/u_alu_dec/u_adder/sint_0/gateop, insts:34.
I: Infer CARRY group, base inst: u_integration_kit_dbg/gen_CortexM1Integration.u_cm1_integration/u_cortexm1/u_core/u_dp/u_mul_shft/u_mul/N7_m1/gopapm, insts:3.
I: Packing b_out_obuf[3]/opit_1 success.
I: Packing b_out_obuf[4]/opit_1 success.
I: Packing b_out_obuf[5]/opit_1 success.
I: Packing b_out_obuf[6]/opit_1 success.
I: Packing b_out_obuf[7]/opit_1 success.
I: Packing g_out_obuf[2]/opit_1 success.
I: Packing g_out_obuf[3]/opit_1 success.
I: Packing g_out_obuf[4]/opit_1 success.
I: Packing g_out_obuf[5]/opit_1 success.
I: Packing g_out_obuf[6]/opit_1 success.
I: Packing g_out_obuf[7]/opit_1 success.
I: Packing r_out_obuf[3]/opit_1 success.
I: Packing r_out_obuf[4]/opit_1 success.
I: Packing r_out_obuf[5]/opit_1 success.
I: Packing r_out_obuf[6]/opit_1 success.
I: Packing r_out_obuf[7]/opit_1 success.
Device mapping done.
Total device mapping takes 1.27 sec.

Device Utilization Summary:
+-------------------------------------------------------------------------+
| Logic Utilization     | Used      | Available     | Utilization(%)     
+-------------------------------------------------------------------------+
| APM                   | 3         | 84            | 4                  
| IOCKDLY               | 1         | 40            | 3                  
| FF                    | 8784      | 64200         | 14                 
| LUT                   | 10859     | 42800         | 26                 
| Distributed RAM       | 136       | 17000         | 1                  
| DLL                   | 1         | 10            | 10                 
| DQSL                  | 8         | 18            | 45                 
| DRM                   | 35        | 134           | 27                 
| FUSECODE              | 0         | 1             | 0                  
| IO                    | 152       | 296           | 52                 
| IOCKDIV               | 2         | 20            | 10                 
| IOCKGATE              | 5         | 20            | 25                 
| IPAL                  | 0         | 1             | 0                  
| PLL                   | 3         | 5             | 60                 
| RCKB                  | 0         | 24            | 0                  
| SCANCHAIN             | 0         | 2             | 0                  
| START                 | 0         | 1             | 0                  
| USCM                  | 9         | 30            | 30                 
| HSST                  | 0         | 1             | 0                  
| OSC                   | 0         | 1             | 0                  
| CRYSTAL               | 0         | 2             | 0                  
| RESCAL                | 0         | 4             | 0                  
| UDID                  | 0         | 1             | 0                  
| PCIE                  | 0         | 1             | 0                  
+-------------------------------------------------------------------------+

Design 'm1_soc_top' has been successfully mapped to architecture-specific objects.
Saving design to DB.
W: Public-4010: Pcf file C:/Users/YHX/Desktop/rtl_design_v1.0/pnr/device_map/m1_soc_top.pcf has been covered.
Action dev_map: Real time elapsed is 0h:0m:11s
Action dev_map: CPU time elapsed is 0h:0m:4s
Action dev_map: Process CPU time elapsed is 0h:0m:4s
Current time: Fri May 12 16:05:05 2023
Action dev_map: Peak memory pool usage is 419 MB
